<?xml version="1.0" encoding="UTF-8"?>
<!-- Generated by org.testng.reporters.JUnitReportReporter -->
<testsuite hostname="DESKTOP-ISNDRDG" failures="0" tests="1" name="createanaccounttests.CreateAnAccountTests" time="11.870" errors="0" timestamp="2022-04-18T00:20:56 EET" skipped="0">
  <testcase classname="createanaccounttests.CreateAnAccountTests" name="createValidAccount" time="11.870"/>
  <system-out/>
</testsuite> <!-- createanaccounttests.CreateAnAccountTests -->
