<?xml version="1.0" encoding="UTF-8"?>
<!-- Generated by org.testng.reporters.JUnitReportReporter -->
<testsuite hostname="DESKTOP-ISNDRDG" failures="0" tests="1" name="createanaccounttests.CreateAnAccountTests" time="9.284" errors="0" timestamp="2022-04-17T22:59:17 EET" skipped="0">
  <testcase classname="createanaccounttests.CreateAnAccountTests" name="createValidAccount" time="9.284"/>
  <system-out/>
</testsuite> <!-- createanaccounttests.CreateAnAccountTests -->
