<?xml version="1.0" encoding="UTF-8"?>
<!-- Generated by org.testng.reporters.JUnitReportReporter -->
<testsuite skipped="1" hostname="DESKTOP-ISNDRDG" name="createanaccounttests.CreateAnAccountTests" tests="1" failures="0" timestamp="2022-05-16T16:18:29 EET" time="0.000" errors="0">
  <testcase name="createValidAccount" time="0.000" classname="createanaccounttests.CreateAnAccountTests">
    <skipped/>
  </testcase> <!-- createValidAccount -->
  <system-out/>
</testsuite> <!-- createanaccounttests.CreateAnAccountTests -->
