<?xml version="1.0" encoding="UTF-8"?>
<!-- Generated by org.testng.reporters.JUnitReportReporter -->
<testsuite skipped="0" hostname="DESKTOP-ISNDRDG" name="createanaccounttests.CreateAnAccountTests" tests="1" failures="0" timestamp="2022-04-24T16:24:45 EET" time="7.307" errors="0">
  <testcase name="createValidAccount" time="7.307" classname="createanaccounttests.CreateAnAccountTests"/>
  <system-out/>
</testsuite> <!-- createanaccounttests.CreateAnAccountTests -->
